<?xml version="1.0" encoding="UTF-8"?>
<!-- Generated by org.testng.reporters.JUnitReportReporter -->
<testsuite hostname="Test-PC" name="VC.Vcd" tests="1" failures="0" timestamp="28 Oct 2015 15:16:22 GMT" time="114.182" errors="0">
  <testcase name="log" time="114.182" classname="VC.Vcd"/>
</testsuite> <!-- VC.Vcd -->
