<?xml version="1.0" encoding="UTF-8"?>
<!-- Generated by org.testng.reporters.JUnitReportReporter -->
<testsuite hostname="Test-PC" name="VC.Vcd" tests="1" failures="0" timestamp="28 Oct 2015 18:48:17 GMT" time="114.332" errors="0">
  <testcase name="log" time="114.332" classname="VC.Vcd"/>
</testsuite> <!-- VC.Vcd -->
